2025-05-09 22:02:05 INFO   [logStarting]   c.p.d.DonateApplication : Starting DonateApplication using Java 21.0.3 with PID 17456 (C:\bitirme\donate-app\donate-rest\target\classes started by karak in C:\bitirme\donate-app\donate-rest)
2025-05-09 22:02:05 DEBUG  [logStarting]   c.p.d.DonateApplication : Running with Spring Boot v3.4.3, Spring v6.2.3
2025-05-09 22:02:05 INFO   [logStartupProfileInfo]   c.p.d.DonateApplication : The following 1 profile is active: "bootstrap"
2025-05-09 22:02:12 DEBUG  [init]   c.p.d.J.JWTAuthenticationFilter : Filter 'JWTAuthenticationFilter' configured for use
2025-05-09 22:02:14 INFO   [logStarted]   c.p.d.DonateApplication : Started DonateApplication in 9.499 seconds (process running for 11.306)
2025-05-09 22:02:15 INFO   [getProductEntityById]   c.p.d.s.ProductServiceImpl : anonymousUser - looked product with id: 1
2025-05-09 22:02:15 INFO   [getProductEntityById]   c.p.d.s.ProductServiceImpl : anonymousUser - looked product with id: 3
2025-05-09 22:02:15 INFO   [getProductEntityById]   c.p.d.s.ProductServiceImpl : anonymousUser - looked product with id: 1
2025-05-09 22:02:15 INFO   [getProductEntityById]   c.p.d.s.ProductServiceImpl : anonymousUser - looked product with id: 3
2025-05-09 22:02:15 INFO   [generateCartPdf]   c.p.d.u.PdfGeneratorService : anonymousUser generated PDF of cart detail id: 6
2025-05-09 22:04:50 INFO   [getMarketEntityById]   c.p.d.s.MarketServiceImpl : anonymousUser - looked market with id: 1
2025-05-09 22:04:50 INFO   [saveAndMap]   c.p.d.s.ProductServiceImpl : anonymousUser Created product: [!!!com.project.donate.model.Product@417e1d0=>java.lang.StackOverflowError:null!!!]
2025-05-09 22:07:23 INFO   [logStarting]   c.p.d.DonateApplication : Starting DonateApplication using Java 21.0.3 with PID 13728 (C:\bitirme\donate-app\donate-rest\target\classes started by karak in C:\bitirme\donate-app\donate-rest)
2025-05-09 22:07:23 DEBUG  [logStarting]   c.p.d.DonateApplication : Running with Spring Boot v3.4.3, Spring v6.2.3
2025-05-09 22:07:23 INFO   [logStartupProfileInfo]   c.p.d.DonateApplication : The following 1 profile is active: "bootstrap"
2025-05-09 22:07:29 DEBUG  [init]   c.p.d.J.JWTAuthenticationFilter : Filter 'JWTAuthenticationFilter' configured for use
2025-05-09 22:07:30 INFO   [logStarted]   c.p.d.DonateApplication : Started DonateApplication in 6.873 seconds (process running for 8.411)
2025-05-09 22:09:09 INFO   [logStarting]   c.p.d.DonateApplication : Starting DonateApplication using Java 21.0.3 with PID 15492 (C:\bitirme\donate-app\donate-rest\target\classes started by karak in C:\bitirme\donate-app\donate-rest)
2025-05-09 22:09:09 DEBUG  [logStarting]   c.p.d.DonateApplication : Running with Spring Boot v3.4.3, Spring v6.2.3
2025-05-09 22:09:09 INFO   [logStartupProfileInfo]   c.p.d.DonateApplication : The following 1 profile is active: "bootstrap"
2025-05-09 22:09:14 DEBUG  [init]   c.p.d.J.JWTAuthenticationFilter : Filter 'JWTAuthenticationFilter' configured for use
2025-05-09 22:09:15 INFO   [logStarted]   c.p.d.DonateApplication : Started DonateApplication in 5.725 seconds (process running for 6.868)
2025-05-09 22:09:22 INFO   [getProductEntityById]   c.p.d.s.ProductServiceImpl : anonymousUser - looked product with id: 1
2025-05-09 22:09:22 INFO   [getProductEntityById]   c.p.d.s.ProductServiceImpl : anonymousUser - looked product with id: 3
2025-05-09 22:09:22 INFO   [getProductEntityById]   c.p.d.s.ProductServiceImpl : anonymousUser - looked product with id: 1
2025-05-09 22:09:22 INFO   [getProductEntityById]   c.p.d.s.ProductServiceImpl : anonymousUser - looked product with id: 3
2025-05-09 22:09:22 INFO   [generateCartPdf]   c.p.d.u.PdfGeneratorService : anonymousUser generated PDF of cart detail id: 6
